<?xml version='1.0' encoding='UTF-8'?>
<testsuite hostname="MSI" name="LeapTest" tests="4" errors="0" failures="0" skipped="0" time="0.016" timestamp="2022-01-14T00:38:36">
          <properties>
      <property name="awt.toolkit" value="sun.awt.windows.WToolkit"/><property name="java.specification.version" value="11"/><property name="sun.cpu.isalist" value="amd64"/><property name="sun.jnu.encoding" value="Cp1252"/><property name="sun.arch.data.model" value="64"/><property name="java.vendor.url" value="https://aws.amazon.com/corretto/"/><property name="sun.boot.library.path" value="C:\Users\Achraf\.jdks\corretto-11.0.13\bin"/><property name="sun.java.command" value="xsbt.boot.Boot"/><property name="jdk.debug" value="release"/><property name="sun.stderr.encoding" value="cp437"/><property name="java.specification.vendor" value="Oracle Corporation"/><property name="java.version.date" value="2021-10-19"/><property name="java.home" value="C:\Users\Achraf\.jdks\corretto-11.0.13"/><property name="file.separator" value="\"/><property name="java.vm.compressedOopsMode" value="32-bit"/><property name="line.separator" value="
"/><property name="sun.stdout.encoding" value="cp437"/><property name="java.specification.name" value="Java Platform API Specification"/><property name="java.vm.specification.vendor" value="Oracle Corporation"/><property name="user.script" value=""/><property name="sun.management.compiler" value="HotSpot 64-Bit Tiered Compilers"/><property name="java.runtime.version" value="11.0.13+8-LTS"/><property name="user.name" value="Achraf"/><property name="log4j.ignoreTCL" value="true"/><property name="file.encoding" value="UTF-8"/><property name="jnidispatch.path" value="C:\Users\Achraf\AppData\Local\Temp\jna-1955534321\jna8830310337048365823.dll"/><property name="java.vendor.version" value="Corretto-11.0.13.8.1"/><property name="jna.loaded" value="true"/><property name="java.io.tmpdir" value="C:\Users\Achraf\AppData\Local\Temp\"/><property name="java.version" value="11.0.13"/><property name="java.vm.specification.name" value="Java Virtual Machine Specification"/><property name="java.awt.printerjob" value="sun.awt.windows.WPrinterJob"/><property name="sun.os.patch.level" value=""/><property name="java.library.path" value="C:\Users\Achraf\.jdks\corretto-11.0.13\bin;C:\WINDOWS\Sun\Java\bin;C:\WINDOWS\system32;C:\WINDOWS;C:\Users\Achraf\.jdks\corretto-11.0.13\bin\bin;C:\Python310\Scripts\;C:\Python310\;C:\Windows\system32;C:\Windows;C:\Windows\System32\Wbem;C:\Windows\System32\WindowsPowerShell\v1.0\;C:\Windows\System32\OpenSSH\;C:\Program Files (x86)\NVIDIA Corporation\PhysX\Common;C:\Program Files\Docker\Docker\resources\bin;C:\ProgramData\DockerDesktop\version-bin;C:\Program Files\Git\cmd;C:\HashiCorp\Vagrant\bin;C:\Users\Achraf\anaconda3\Library\bin\conda.bat;C:\Users\Achraf\anaconda3\condabin\conda.bat;C:\Users\Achraf\anaconda3\Scripts\conda.exe;C:\Users\Maninder\AppData\Local\Programs\Python\Python39\Scripts;C:\Users\Maninder\AppData\Local\Programs\Python\Python39;C:\Windows\SYSTEM32\python27.zip;C:\WINDOWS\system32;C:\WINDOWS;C:\WINDOWS\System32\Wbem;C:\WINDOWS\System32\WindowsPowerShell\v1.0\;C:\WINDOWS\System32\OpenSSH\;C:\Program Files\nodejs\;C:\ProgramData\chocolatey\bin;C:\Program Files\dotnet\;C:\Users\Achraf\.jdks\corretto-11.0.13\bin;C:\Program Files (x86)\sbt\bin;%USERPROFILE%\AppData\Local\Microsoft\WindowsApps;C:\Users\Achraf\AppData\Local\Programs\Microsoft VS Code\bin;C:\Users\Achraf\AppData\Local\Programs\Python\Python39;C:\Users\Achraf\AppData\Local\Programs\Python\Python39\Scripts;%HADOOP_HOME%\bin;%SPARK_HOME%\bin;C:\Users\Achraf\AppData\Roaming\npm;C:\Exercism;."/><property name="java.vendor" value="Amazon.com Inc."/><property name="scala.ext.dirs" value="C:\Users\Achraf\.sbt\1.0\java9-rt-ext-amazon_com_inc__11_0_13"/><property name="sun.io.unicode.encoding" value="UnicodeLittle"/><property name="sun.desktop" value="windows"/><property name="java.class.path" value="C:\Program Files (x86)\sbt\\bin\sbt-launch.jar"/><property name="java.vm.vendor" value="Amazon.com Inc."/><property name="user.variant" value=""/><property name="jline.shutdownhook" value="false"/><property name="user.timezone" value="Africa/Casablanca"/><property name="os.name" value="Windows 10"/><property name="java.vm.specification.version" value="11"/><property name="sun.java.launcher" value="SUN_STANDARD"/><property name="user.country" value="US"/><property name="sun.cpu.endian" value="little"/><property name="user.home" value="C:\Users\Achraf"/><property name="user.language" value="en"/><property name="swoval.tmpdir" value="C:\Users\Achraf\.sbt\1.0"/><property name="java.awt.graphicsenv" value="sun.awt.Win32GraphicsEnvironment"/><property name="jline.esc.timeout" value="0"/><property name="path.separator" value=";"/><property name="os.version" value="10.0"/><property name="jna.nosys" value="true"/><property name="java.runtime.name" value="OpenJDK Runtime Environment"/><property name="java.vm.name" value="OpenJDK 64-Bit Server VM"/><property name="java.vendor.url.bug" value="https://github.com/corretto/corretto-11/issues/"/><property name="user.dir" value="C:\Users\Achraf\Exercism\scala\leap"/><property name="os.arch" value="amd64"/><property name="java.vm.info" value="mixed mode"/><property name="java.vm.version" value="11.0.13+8-LTS"/><property name="java.class.version" value="55.0"/>
    </properties>
          <testcase classname="LeapTest" name="year not divisible by 4: common year" time="0.015">
                      
                    </testcase><testcase classname="LeapTest" name="year divisible by 4, not divisible by 100: leap year" time="0.001">
                      
                    </testcase><testcase classname="LeapTest" name="year divisible by 100, not divisible by 400: common year" time="0.0">
                      
                    </testcase><testcase classname="LeapTest" name="year divisible by 400: leap year" time="0.0">
                      
                    </testcase>
          <system-out><![CDATA[]]></system-out>
          <system-err><![CDATA[]]></system-err>
        </testsuite>